{
    "numTotalTestSuites": 2,
    "numPassedTestSuites": 2,
    "numFailedTestSuites": 0,
    "numPendingTestSuites": 0,
    "numTotalTests": 4,
    "numPassedTests": 4,
    "numFailedTests": 0,
    "numPendingTests": 0,
    "numTodoTests": 0,
    "snapshot": {
        "added": 0,
        "failure": false,
        "filesAdded": 0,
        "filesRemoved": 0,
        "filesRemovedList": [],
        "filesUnmatched": 0,
        "filesUpdated": 0,
        "matched": 0,
        "total": 0,
        "unchecked": 0,
        "uncheckedKeysByFile": [],
        "unmatched": 0,
        "updated": 0,
        "didUpdate": false
    },
    "startTime": 1735546435992,
    "success": true,
    "testResults": [
        {
            "assertionResults": [
                {
                    "ancestorTitles": [
                        "Counter Component"
                    ],
                    "fullName": "Counter Component renders initial count",
                    "status": "passed",
                    "title": "renders initial count",
                    "duration": 25.65996199999995,
                    "failureMessages": [],
                    "meta": {}
                },
                {
                    "ancestorTitles": [
                        "Counter Component"
                    ],
                    "fullName": "Counter Component increments count when increment button is clicked",
                    "status": "passed",
                    "title": "increments count when increment button is clicked",
                    "duration": 41.18607799999995,
                    "failureMessages": [],
                    "meta": {}
                },
                {
                    "ancestorTitles": [
                        "Counter Component"
                    ],
                    "fullName": "Counter Component decrements count when decrement button is clicked",
                    "status": "passed",
                    "title": "decrements count when decrement button is clicked",
                    "duration": 10.29684999999995,
                    "failureMessages": [],
                    "meta": {}
                },
                {
                    "ancestorTitles": [
                        "Counter Component"
                    ],
                    "fullName": "Counter Component does not allow count to go below zero",
                    "status": "passed",
                    "title": "does not allow count to go below zero",
                    "duration": 9.155007000000069,
                    "failureMessages": [],
                    "meta": {}
                }
            ],
            "startTime": 1735546436698,
            "endTime": 1735546436785.155,
            "status": "passed",
            "message": "",
            "name": "/workspaces/abhiRepo/src/components/Counter.test.jsx"
        }
    ]
}